[.WebGL-0xe94014a7c00]GL Driver Message (OpenGL, Performance, GL_CLOSE_PATH_NV, High): GPU stall due to ReadPixels
[.WebGL-0xe94014a7c00]GL Driver Message (OpenGL, Performance, GL_CLOSE_PATH_NV, High): GPU stall due to ReadPixels
[.WebGL-0xe94014a7c00]GL Driver Message (OpenGL, Performance, GL_CLOSE_PATH_NV, High): GPU stall due to ReadPixels
[.WebGL-0xe94014a7c00]GL Driver Message (OpenGL, Performance, GL_CLOSE_PATH_NV, High): GPU stall due to ReadPixels (this message will no longer repeat)
SET_FRAMES_CALLED 6
FETCH_ENTRY 0
FETCH_ENTRY 1
FETCH_ENTRY 2
Failed to load resource: the server responded with a status of 404 (Not Found)
StateError 0
FrameError 0
FETCH_ENTRY 5
Failed to load resource: the server responded with a status of 404 (Not Found)
StateError 1
FrameError 1
FETCH_ENTRY 3
Failed to load resource: the server responded with a status of 404 (Not Found)
StateError 2
FrameError 2
FETCH_ENTRY 4
Failed to load resource: the server responded with a status of 404 (Not Found)
StateError 3
FrameError 3
Failed to load resource: the server responded with a status of 404 (Not Found)
StateError 4
FrameError 4
FrameReady 5
[.WebGL-0x5cc00147a00]GL Driver Message (OpenGL, Performance, GL_CLOSE_PATH_NV, High): GPU stall due to ReadPixels
[.WebGL-0x5cc00147a00]GL Driver Message (OpenGL, Performance, GL_CLOSE_PATH_NV, High): GPU stall due to ReadPixels
[.WebGL-0x5cc00147a00]GL Driver Message (OpenGL, Performance, GL_CLOSE_PATH_NV, High): GPU stall due to ReadPixels
[.WebGL-0x5cc00147a00]GL Driver Message (OpenGL, Performance, GL_CLOSE_PATH_NV, High): GPU stall due to ReadPixels (this message will no longer repeat)
SET_FRAMES_CALLED 6
FETCH_ENTRY 0
FETCH_ENTRY 1
FETCH_ENTRY 2
Failed to load resource: the server responded with a status of 404 (Not Found)
StateError 0
FrameError 0
FETCH_ENTRY 5
Failed to load resource: the server responded with a status of 404 (Not Found)
StateError 1
FrameError 1
FETCH_ENTRY 3
Failed to load resource: the server responded with a status of 404 (Not Found)
StateError 2
FrameError 2
FETCH_ENTRY 4
Failed to load resource: the server responded with a status of 404 (Not Found)
StateError 3
FrameError 3
Failed to load resource: the server responded with a status of 404 (Not Found)
StateError 4
FrameError 4
FrameReady 5
[.WebGL-0x195400135a00]GL Driver Message (OpenGL, Performance, GL_CLOSE_PATH_NV, High): GPU stall due to ReadPixels
[.WebGL-0x195400135a00]GL Driver Message (OpenGL, Performance, GL_CLOSE_PATH_NV, High): GPU stall due to ReadPixels
[.WebGL-0x195400135a00]GL Driver Message (OpenGL, Performance, GL_CLOSE_PATH_NV, High): GPU stall due to ReadPixels
[.WebGL-0x195400135a00]GL Driver Message (OpenGL, Performance, GL_CLOSE_PATH_NV, High): GPU stall due to ReadPixels (this message will no longer repeat)
SET_FRAMES_CALLED 6
FETCH_ENTRY 0
FETCH_ENTRY 1
FETCH_ENTRY 2
Failed to load resource: the server responded with a status of 404 (Not Found)
StateError 0
FrameError 0
FETCH_ENTRY 5
Failed to load resource: the server responded with a status of 404 (Not Found)
StateError 1
FrameError 1
FETCH_ENTRY 3
Failed to load resource: the server responded with a status of 404 (Not Found)
StateError 2
FrameError 2
FETCH_ENTRY 4
Failed to load resource: the server responded with a status of 404 (Not Found)
StateError 3
FrameError 3
Failed to load resource: the server responded with a status of 404 (Not Found)
StateError 4
FrameError 4
FrameReady 5
[.WebGL-0x36cc00145600]GL Driver Message (OpenGL, Performance, GL_CLOSE_PATH_NV, High): GPU stall due to ReadPixels
[.WebGL-0x36cc00145600]GL Driver Message (OpenGL, Performance, GL_CLOSE_PATH_NV, High): GPU stall due to ReadPixels
[.WebGL-0x36cc00145000]GL Driver Message (OpenGL, Performance, GL_CLOSE_PATH_NV, High): GPU stall due to ReadPixels
[.WebGL-0x36cc00145000]GL Driver Message (OpenGL, Performance, GL_CLOSE_PATH_NV, High): GPU stall due to ReadPixels (this message will no longer repeat)
SET_FRAMES_CALLED 6
FETCH_ENTRY 0
FETCH_ENTRY 1
FETCH_ENTRY 2
Failed to load resource: the server responded with a status of 404 (Not Found)
StateError 0
FrameError 0
FETCH_ENTRY 5
Failed to load resource: the server responded with a status of 404 (Not Found)
StateError 1
FrameError 1
FETCH_ENTRY 3
Failed to load resource: the server responded with a status of 404 (Not Found)
StateError 2
FrameError 2
FETCH_ENTRY 4
Failed to load resource: the server responded with a status of 404 (Not Found)
StateError 3
FrameError 3
Failed to load resource: the server responded with a status of 404 (Not Found)
StateError 4
FrameError 4
FrameReady 5
[.WebGL-0x7440014fe00]GL Driver Message (OpenGL, Performance, GL_CLOSE_PATH_NV, High): GPU stall due to ReadPixels
[.WebGL-0x7440014f800]GL Driver Message (OpenGL, Performance, GL_CLOSE_PATH_NV, High): GPU stall due to ReadPixels
[.WebGL-0x7440014fe00]GL Driver Message (OpenGL, Performance, GL_CLOSE_PATH_NV, High): GPU stall due to ReadPixels
[.WebGL-0x7440014f800]GL Driver Message (OpenGL, Performance, GL_CLOSE_PATH_NV, High): GPU stall due to ReadPixels (this message will no longer repeat)
SET_FRAMES_CALLED 6
FETCH_ENTRY 0
FETCH_ENTRY 1
FETCH_ENTRY 2
Failed to load resource: the server responded with a status of 404 (Not Found)
StateError 0
FrameError 0
FETCH_ENTRY 5
Failed to load resource: the server responded with a status of 404 (Not Found)
StateError 1
FrameError 1
FETCH_ENTRY 3
Failed to load resource: the server responded with a status of 404 (Not Found)
StateError 2
FrameError 2
FETCH_ENTRY 4
Failed to load resource: the server responded with a status of 404 (Not Found)
StateError 3
FrameError 3
Failed to load resource: the server responded with a status of 404 (Not Found)
StateError 4
FrameError 4
FrameReady 5
