
 ⛅️ wrangler 4.110.0
────────────────────
Attaching additional modules:
┌────────────────────────────────────────────┬──────┬─────────────┐
│ Name                                       │ Type │ Size        │
├────────────────────────────────────────────┼──────┼─────────────┤
│ chunks/_/error-500.mjs                     │ esm  │ 4.65 KiB    │
├────────────────────────────────────────────┼──────┼─────────────┤
│ chunks/_/index.mjs                         │ esm  │ 189.35 KiB  │
├────────────────────────────────────────────┼──────┼─────────────┤
│ chunks/_/params.mjs                        │ esm  │ 0.33 KiB    │
├────────────────────────────────────────────┼──────┼─────────────┤
│ chunks/_/raster-route.mjs                  │ esm  │ 0.48 KiB    │
├────────────────────────────────────────────┼──────┼─────────────┤
│ chunks/_/time.mjs                          │ esm  │ 74.44 KiB   │
├────────────────────────────────────────────┼──────┼─────────────┤
│ chunks/build/_time_-BHsOfJ7G.mjs           │ esm  │ 106.44 KiB  │
├────────────────────────────────────────────┼──────┼─────────────┤
│ chunks/build/client.precomputed.mjs        │ esm  │ 236.19 KiB  │
├────────────────────────────────────────────┼──────┼─────────────┤
│ chunks/build/entry-styles.QiNQDXyp.mjs     │ esm  │ 10.60 KiB   │
├────────────────────────────────────────────┼──────┼─────────────┤
│ chunks/build/error-404-styles.BSbIUF_m.mjs │ esm  │ 3.54 KiB    │
├────────────────────────────────────────────┼──────┼─────────────┤
│ chunks/build/error-404-udxDBjMr.mjs        │ esm  │ 8.93 KiB    │
├────────────────────────────────────────────┼──────┼─────────────┤
│ chunks/build/error-500-W0nDeZ7a.mjs        │ esm  │ 3.86 KiB    │
├────────────────────────────────────────────┼──────┼─────────────┤
│ chunks/build/error-500-styles.C5SVT7QD.mjs │ esm  │ 1.93 KiB    │
├────────────────────────────────────────────┼──────┼─────────────┤
│ chunks/build/fetch-wPUpd35O.mjs            │ esm  │ 9.35 KiB    │
├────────────────────────────────────────────┼──────┼─────────────┤
│ chunks/build/index--7L10vRv.mjs            │ esm  │ 1.13 KiB    │
├────────────────────────────────────────────┼──────┼─────────────┤
│ chunks/build/index--_ZnQlLR.mjs            │ esm  │ 27.59 KiB   │
├────────────────────────────────────────────┼──────┼─────────────┤
│ chunks/build/index-07gbPDvt.mjs            │ esm  │ 0.75 KiB    │
├────────────────────────────────────────────┼──────┼─────────────┤
│ chunks/build/index-0IgsMf4k.mjs            │ esm  │ 17.33 KiB   │
├────────────────────────────────────────────┼──────┼─────────────┤
│ chunks/build/index-528I3jJP.mjs            │ esm  │ 29.85 KiB   │
├────────────────────────────────────────────┼──────┼─────────────┤
│ chunks/build/index-5huWU9tc.mjs            │ esm  │ 9.70 KiB    │
├────────────────────────────────────────────┼──────┼─────────────┤
│ chunks/build/index-5kvv0piw.mjs            │ esm  │ 9.22 KiB    │
├────────────────────────────────────────────┼──────┼─────────────┤
│ chunks/build/index-7j04PzTV.mjs            │ esm  │ 2.10 KiB    │
├────────────────────────────────────────────┼──────┼─────────────┤
│ chunks/build/index-8lzjf9ET.mjs            │ esm  │ 8.00 KiB    │
├────────────────────────────────────────────┼──────┼─────────────┤
│ chunks/build/index-9CxzkwY7.mjs            │ esm  │ 0.66 KiB    │
├────────────────────────────────────────────┼──────┼─────────────┤
│ chunks/build/index-A9x2cI04.mjs            │ esm  │ 32.03 KiB   │
├────────────────────────────────────────────┼──────┼─────────────┤
│ chunks/build/index-Az3Om9Iq.mjs            │ esm  │ 23.21 KiB   │
├────────────────────────────────────────────┼──────┼─────────────┤
│ chunks/build/index-B0hxVuyw.mjs            │ esm  │ 3.30 KiB    │
├────────────────────────────────────────────┼──────┼─────────────┤
│ chunks/build/index-B4fzPgTR.mjs            │ esm  │ 6.47 KiB    │
├────────────────────────────────────────────┼──────┼─────────────┤
│ chunks/build/index-B5D053qg.mjs            │ esm  │ 2.84 KiB    │
├────────────────────────────────────────────┼──────┼─────────────┤
│ chunks/build/index-B5mmKjjL.mjs            │ esm  │ 1.36 KiB    │
├────────────────────────────────────────────┼──────┼─────────────┤
│ chunks/build/index-B6Lrqnfo.mjs            │ esm  │ 4.89 KiB    │
├────────────────────────────────────────────┼──────┼─────────────┤
│ chunks/build/index-B6PujZ9w.mjs            │ esm  │ 1.02 KiB    │
├────────────────────────────────────────────┼──────┼─────────────┤
│ chunks/build/index-B7xKT8IV.mjs            │ esm  │ 1.03 KiB    │
├────────────────────────────────────────────┼──────┼─────────────┤
│ chunks/build/index-BFaWvod5.mjs            │ esm  │ 0.68 KiB    │
├────────────────────────────────────────────┼──────┼─────────────┤
│ chunks/build/index-BGAf0Bzn.mjs            │ esm  │ 8.16 KiB    │
├────────────────────────────────────────────┼──────┼─────────────┤
│ chunks/build/index-BGrM5tHS.mjs            │ esm  │ 0.28 KiB    │
├────────────────────────────────────────────┼──────┼─────────────┤
│ chunks/build/index-BJN4jpnF.mjs            │ esm  │ 50.43 KiB   │
├────────────────────────────────────────────┼──────┼─────────────┤
│ chunks/build/index-BJcekjnt.mjs            │ esm  │ 19.58 KiB   │
├────────────────────────────────────────────┼──────┼─────────────┤
│ chunks/build/index-BK_M3ty9.mjs            │ esm  │ 0.58 KiB    │
├────────────────────────────────────────────┼──────┼─────────────┤
│ chunks/build/index-BNJj8b1b.mjs            │ esm  │ 4.56 KiB    │
├────────────────────────────────────────────┼──────┼─────────────┤
│ chunks/build/index-BSN2RyPS.mjs            │ esm  │ 24.64 KiB   │
├────────────────────────────────────────────┼──────┼─────────────┤
│ chunks/build/index-BSrIiS2p.mjs            │ esm  │ 0.10 KiB    │
├────────────────────────────────────────────┼──────┼─────────────┤
│ chunks/build/index-BVzZtVrq.mjs            │ esm  │ 1.89 KiB    │
├────────────────────────────────────────────┼──────┼─────────────┤
│ chunks/build/index-BWv0Ka2y.mjs            │ esm  │ 4.74 KiB    │
├────────────────────────────────────────────┼──────┼─────────────┤
│ chunks/build/index-BXLRYumx.mjs            │ esm  │ 1.87 KiB    │
├────────────────────────────────────────────┼──────┼─────────────┤
│ chunks/build/index-BXref4kj.mjs            │ esm  │ 25.02 KiB   │
├────────────────────────────────────────────┼──────┼─────────────┤
│ chunks/build/index-BZUcbN-c.mjs            │ esm  │ 17.81 KiB   │
├────────────────────────────────────────────┼──────┼─────────────┤
│ chunks/build/index-BagRQuF5.mjs            │ esm  │ 26.89 KiB   │
├────────────────────────────────────────────┼──────┼─────────────┤
│ chunks/build/index-BbLGUrAj.mjs            │ esm  │ 4.14 KiB    │
├────────────────────────────────────────────┼──────┼─────────────┤
│ chunks/build/index-Bbf8M2Ks.mjs            │ esm  │ 0.80 KiB    │
├────────────────────────────────────────────┼──────┼─────────────┤
│ chunks/build/index-BbmXaJXp.mjs            │ esm  │ 0.44 KiB    │
├────────────────────────────────────────────┼──────┼─────────────┤
│ chunks/build/index-BcVfWQWQ.mjs            │ esm  │ 0.71 KiB    │
├────────────────────────────────────────────┼──────┼─────────────┤
│ chunks/build/index-BdIPgy6l.mjs            │ esm  │ 2.45 KiB    │
├────────────────────────────────────────────┼──────┼─────────────┤
│ chunks/build/index-BfhfG0lo.mjs            │ esm  │ 7.74 KiB    │
├────────────────────────────────────────────┼──────┼─────────────┤
│ chunks/build/index-BghDB-xg.mjs            │ esm  │ 11.72 KiB   │
├────────────────────────────────────────────┼──────┼─────────────┤
│ chunks/build/index-BjFdOBAo.mjs            │ esm  │ 7.14 KiB    │
├────────────────────────────────────────────┼──────┼─────────────┤
│ chunks/build/index-BjlhxkRn.mjs            │ esm  │ 217.88 KiB  │
├────────────────────────────────────────────┼──────┼─────────────┤
│ chunks/build/index-Bl1DNusk.mjs            │ esm  │ 0.66 KiB    │
├────────────────────────────────────────────┼──────┼─────────────┤
│ chunks/build/index-BmdqLidL.mjs            │ esm  │ 4.82 KiB    │
├────────────────────────────────────────────┼──────┼─────────────┤
│ chunks/build/index-BrbjBHHT.mjs            │ esm  │ 1.89 KiB    │
├────────────────────────────────────────────┼──────┼─────────────┤
│ chunks/build/index-BtT4Ux4Q.mjs            │ esm  │ 5.11 KiB    │
├────────────────────────────────────────────┼──────┼─────────────┤
│ chunks/build/index-Btb0ggND.mjs            │ esm  │ 2.67 KiB    │
├────────────────────────────────────────────┼──────┼─────────────┤
│ chunks/build/index-BuD3jWw-.mjs            │ esm  │ 1.28 KiB    │
├────────────────────────────────────────────┼──────┼─────────────┤
│ chunks/build/index-Buu2Kl3S.mjs            │ esm  │ 0.70 KiB    │
├────────────────────────────────────────────┼──────┼─────────────┤
│ chunks/build/index-BveF_Jdt.mjs            │ esm  │ 2.38 KiB    │
├────────────────────────────────────────────┼──────┼─────────────┤
│ chunks/build/index-BwiJxNUA.mjs            │ esm  │ 4.37 KiB    │
├────────────────────────────────────────────┼──────┼─────────────┤
│ chunks/build/index-C-PHD-r1.mjs            │ esm  │ 2.27 KiB    │
├────────────────────────────────────────────┼──────┼─────────────┤
│ chunks/build/index-C0SwZjEu.mjs            │ esm  │ 24.60 KiB   │
├────────────────────────────────────────────┼──────┼─────────────┤
│ chunks/build/index-C1VBjNWz.mjs            │ esm  │ 12.23 KiB   │
├────────────────────────────────────────────┼──────┼─────────────┤
│ chunks/build/index-C2gQyg9Q.mjs            │ esm  │ 5.34 KiB    │
├────────────────────────────────────────────┼──────┼─────────────┤
│ chunks/build/index-C6ypwHUc.mjs            │ esm  │ 7.52 KiB    │
├────────────────────────────────────────────┼──────┼─────────────┤
│ chunks/build/index-C9YN9T_7.mjs            │ esm  │ 34.41 KiB   │
├────────────────────────────────────────────┼──────┼─────────────┤
│ chunks/build/index-C9njTME2.mjs            │ esm  │ 5.78 KiB    │
├────────────────────────────────────────────┼──────┼─────────────┤
│ chunks/build/index-CAXw7mdP.mjs            │ esm  │ 1.89 KiB    │
├────────────────────────────────────────────┼──────┼─────────────┤
│ chunks/build/index-CBbaQoaG.mjs            │ esm  │ 1.47 KiB    │
├────────────────────────────────────────────┼──────┼─────────────┤
│ chunks/build/index-CCgX5kpJ.mjs            │ esm  │ 4.95 KiB    │
├────────────────────────────────────────────┼──────┼─────────────┤
│ chunks/build/index-CCrFqWeV.mjs            │ esm  │ 4.28 KiB    │
├────────────────────────────────────────────┼──────┼─────────────┤
│ chunks/build/index-CDSYWDRl.mjs            │ esm  │ 2.02 KiB    │
├────────────────────────────────────────────┼──────┼─────────────┤
│ chunks/build/index-CFR8gITw.mjs            │ esm  │ 26.28 KiB   │
├────────────────────────────────────────────┼──────┼─────────────┤
│ chunks/build/index-CGbHTgFn.mjs            │ esm  │ 6.52 KiB    │
├────────────────────────────────────────────┼──────┼─────────────┤
│ chunks/build/index-COMRwa_Q.mjs            │ esm  │ 9.63 KiB    │
├────────────────────────────────────────────┼──────┼─────────────┤
│ chunks/build/index-CP-UIwgP.mjs            │ esm  │ 28.49 KiB   │
├────────────────────────────────────────────┼──────┼─────────────┤
│ chunks/build/index-CQlwnZgj.mjs            │ esm  │ 14.04 KiB   │
├────────────────────────────────────────────┼──────┼─────────────┤
│ chunks/build/index-CT1_OzoD.mjs            │ esm  │ 7.22 KiB    │
├────────────────────────────────────────────┼──────┼─────────────┤
│ chunks/build/index-CUJ-mafx.mjs            │ esm  │ 0.54 KiB    │
├────────────────────────────────────────────┼──────┼─────────────┤
│ chunks/build/index-CUODlxPj.mjs            │ esm  │ 14.24 KiB   │
├────────────────────────────────────────────┼──────┼─────────────┤
│ chunks/build/index-CVrqRKD0.mjs            │ esm  │ 2.19 KiB    │
├────────────────────────────────────────────┼──────┼─────────────┤
│ chunks/build/index-CYk22QMF.mjs            │ esm  │ 47.85 KiB   │
├────────────────────────────────────────────┼──────┼─────────────┤
│ chunks/build/index-C_cmQg7Q.mjs            │ esm  │ 5.46 KiB    │
├────────────────────────────────────────────┼──────┼─────────────┤
│ chunks/build/index-CaXrV-k2.mjs            │ esm  │ 13.49 KiB   │
├────────────────────────────────────────────┼──────┼─────────────┤
│ chunks/build/index-Caq98GMp.mjs            │ esm  │ 3.26 KiB    │
├────────────────────────────────────────────┼──────┼─────────────┤
│ chunks/build/index-Cd7w7Njd.mjs            │ esm  │ 4.35 KiB    │
├────────────────────────────────────────────┼──────┼─────────────┤
│ chunks/build/index-Cdyxqw-0.mjs            │ esm  │ 103.38 KiB  │
├────────────────────────────────────────────┼──────┼─────────────┤
│ chunks/build/index-Cfh8EYcg.mjs            │ esm  │ 0.71 KiB    │
├────────────────────────────────────────────┼──────┼─────────────┤
│ chunks/build/index-Cham_GGe.mjs            │ esm  │ 4.68 KiB    │
├────────────────────────────────────────────┼──────┼─────────────┤
│ chunks/build/index-Cit40wjF.mjs            │ esm  │ 2.90 KiB    │
├────────────────────────────────────────────┼──────┼─────────────┤
│ chunks/build/index-Cj1SCbMU.mjs            │ esm  │ 7.63 KiB    │
├────────────────────────────────────────────┼──────┼─────────────┤
│ chunks/build/index-CkvHbwyd.mjs            │ esm  │ 2.22 KiB    │
├────────────────────────────────────────────┼──────┼─────────────┤
│ chunks/build/index-Cl1lhvTS.mjs            │ esm  │ 43.27 KiB   │
├────────────────────────────────────────────┼──────┼─────────────┤
│ chunks/build/index-CleK_SK4.mjs            │ esm  │ 0.14 KiB    │
├────────────────────────────────────────────┼──────┼─────────────┤
│ chunks/build/index-CllC1MKi.mjs            │ esm  │ 0.67 KiB    │
├────────────────────────────────────────────┼──────┼─────────────┤
│ chunks/build/index-CmWgqOM5.mjs            │ esm  │ 10.10 KiB   │
├────────────────────────────────────────────┼──────┼─────────────┤
│ chunks/build/index-Cptt6XdJ.mjs            │ esm  │ 4.21 KiB    │
├────────────────────────────────────────────┼──────┼─────────────┤
│ chunks/build/index-CqrZTBDK.mjs            │ esm  │ 2.09 KiB    │
├────────────────────────────────────────────┼──────┼─────────────┤
│ chunks/build/index-CrSSpqW-.mjs            │ esm  │ 4.15 KiB    │
├────────────────────────────────────────────┼──────┼─────────────┤
│ chunks/build/index-CrfkGlmL.mjs            │ esm  │ 28.60 KiB   │
├────────────────────────────────────────────┼──────┼─────────────┤
│ chunks/build/index-CsJTjmPN.mjs            │ esm  │ 1.53 KiB    │
├────────────────────────────────────────────┼──────┼─────────────┤
│ chunks/build/index-CtK7Rdt0.mjs            │ esm  │ 1.88 KiB    │
├────────────────────────────────────────────┼──────┼─────────────┤
│ chunks/build/index-Cu37b1xV.mjs            │ esm  │ 4.77 KiB    │
├────────────────────────────────────────────┼──────┼─────────────┤
│ chunks/build/index-CvDlWQiM.mjs            │ esm  │ 14.63 KiB   │
├────────────────────────────────────────────┼──────┼─────────────┤
│ chunks/build/index-D-s2BZdX.mjs            │ esm  │ 6.21 KiB    │
├────────────────────────────────────────────┼──────┼─────────────┤
│ chunks/build/index-D5_c506M.mjs            │ esm  │ 46.27 KiB   │
├────────────────────────────────────────────┼──────┼─────────────┤
│ chunks/build/index-D6a81O_s.mjs            │ esm  │ 10.63 KiB   │
├────────────────────────────────────────────┼──────┼─────────────┤
│ chunks/build/index-D71kGkVg.mjs            │ esm  │ 4.45 KiB    │
├────────────────────────────────────────────┼──────┼─────────────┤
│ chunks/build/index-D9esMNma.mjs            │ esm  │ 8.49 KiB    │
├────────────────────────────────────────────┼──────┼─────────────┤
│ chunks/build/index-DFAmlz6w.mjs            │ esm  │ 2.27 KiB    │
├────────────────────────────────────────────┼──────┼─────────────┤
│ chunks/build/index-DGIWN4s0.mjs            │ esm  │ 13.65 KiB   │
├────────────────────────────────────────────┼──────┼─────────────┤
│ chunks/build/index-DHBHRYLd.mjs            │ esm  │ 6.20 KiB    │
├────────────────────────────────────────────┼──────┼─────────────┤
│ chunks/build/index-DHbpxa1s.mjs            │ esm  │ 0.51 KiB    │
├────────────────────────────────────────────┼──────┼─────────────┤
│ chunks/build/index-DI5DV3Wy.mjs            │ esm  │ 3.08 KiB    │
├────────────────────────────────────────────┼──────┼─────────────┤
│ chunks/build/index-DIbaJCCW.mjs            │ esm  │ 16.00 KiB   │
├────────────────────────────────────────────┼──────┼─────────────┤
│ chunks/build/index-DJ32LEOW.mjs            │ esm  │ 44.46 KiB   │
├────────────────────────────────────────────┼──────┼─────────────┤
│ chunks/build/index-DJSiOasu.mjs            │ esm  │ 4.82 KiB    │
├────────────────────────────────────────────┼──────┼─────────────┤
│ chunks/build/index-DLhNLyoU.mjs            │ esm  │ 12.35 KiB   │
├────────────────────────────────────────────┼──────┼─────────────┤
│ chunks/build/index-DM_M5p89.mjs            │ esm  │ 6.69 KiB    │
├────────────────────────────────────────────┼──────┼─────────────┤
│ chunks/build/index-DMqEKtUZ.mjs            │ esm  │ 1.89 KiB    │
├────────────────────────────────────────────┼──────┼─────────────┤
│ chunks/build/index-DOIxQBEj.mjs            │ esm  │ 15.64 KiB   │
├────────────────────────────────────────────┼──────┼─────────────┤
│ chunks/build/index-DSp9Q_KH.mjs            │ esm  │ 3.26 KiB    │
├────────────────────────────────────────────┼──────┼─────────────┤
│ chunks/build/index-DWeZuTyd.mjs            │ esm  │ 0.49 KiB    │
├────────────────────────────────────────────┼──────┼─────────────┤
│ chunks/build/index-DZ8gcjvr.mjs            │ esm  │ 2.54 KiB    │
├────────────────────────────────────────────┼──────┼─────────────┤
│ chunks/build/index-DZSTZsE8.mjs            │ esm  │ 13.86 KiB   │
├────────────────────────────────────────────┼──────┼─────────────┤
│ chunks/build/index-D_K7VTnA.mjs            │ esm  │ 26.40 KiB   │
├────────────────────────────────────────────┼──────┼─────────────┤
│ chunks/build/index-DaNKinBd.mjs            │ esm  │ 5.75 KiB    │
├────────────────────────────────────────────┼──────┼─────────────┤
│ chunks/build/index-DcC_9IlJ.mjs            │ esm  │ 0.83 KiB    │
├────────────────────────────────────────────┼──────┼─────────────┤
│ chunks/build/index-DcXZ3ycO.mjs            │ esm  │ 14.34 KiB   │
├────────────────────────────────────────────┼──────┼─────────────┤
│ chunks/build/index-DcoQzyCg.mjs            │ esm  │ 16.59 KiB   │
├────────────────────────────────────────────┼──────┼─────────────┤
│ chunks/build/index-Dd6y2_YD.mjs            │ esm  │ 53.45 KiB   │
├────────────────────────────────────────────┼──────┼─────────────┤
│ chunks/build/index-DelKki_z.mjs            │ esm  │ 1.64 KiB    │
├────────────────────────────────────────────┼──────┼─────────────┤
│ chunks/build/index-Dh-xTsOp.mjs            │ esm  │ 81.06 KiB   │
├────────────────────────────────────────────┼──────┼─────────────┤
│ chunks/build/index-Dh_XQPFN.mjs            │ esm  │ 32.08 KiB   │
├────────────────────────────────────────────┼──────┼─────────────┤
│ chunks/build/index-DjeTLZPe.mjs            │ esm  │ 24.03 KiB   │
├────────────────────────────────────────────┼──────┼─────────────┤
│ chunks/build/index-Djw7tH7B.mjs            │ esm  │ 33.46 KiB   │
├────────────────────────────────────────────┼──────┼─────────────┤
│ chunks/build/index-Dov_i9pg.mjs            │ esm  │ 1.05 KiB    │
├────────────────────────────────────────────┼──────┼─────────────┤
│ chunks/build/index-Dwlt6X_c.mjs            │ esm  │ 3.75 KiB    │
├────────────────────────────────────────────┼──────┼─────────────┤
│ chunks/build/index-Hj9HdQ33.mjs            │ esm  │ 0.58 KiB    │
├────────────────────────────────────────────┼──────┼─────────────┤
│ chunks/build/index-ICNBTHX0.mjs            │ esm  │ 4.94 KiB    │
├────────────────────────────────────────────┼──────┼─────────────┤
│ chunks/build/index-IH53ZoCC.mjs            │ esm  │ 11.09 KiB   │
├────────────────────────────────────────────┼──────┼─────────────┤
│ chunks/build/index-KSBGh33W.mjs            │ esm  │ 13.85 KiB   │
├────────────────────────────────────────────┼──────┼─────────────┤
│ chunks/build/index-LXYSUg1S.mjs            │ esm  │ 1.40 KiB    │
├────────────────────────────────────────────┼──────┼─────────────┤
│ chunks/build/index-M3AnbpqQ.mjs            │ esm  │ 0.80 KiB    │
├────────────────────────────────────────────┼──────┼─────────────┤
│ chunks/build/index-McEbo4AE.mjs            │ esm  │ 1.82 KiB    │
├────────────────────────────────────────────┼──────┼─────────────┤
│ chunks/build/index-OpWfMGiO.mjs            │ esm  │ 0.97 KiB    │
├────────────────────────────────────────────┼──────┼─────────────┤
│ chunks/build/index-P1pLJnx5.mjs            │ esm  │ 3.04 KiB    │
├────────────────────────────────────────────┼──────┼─────────────┤
│ chunks/build/index-PsiI4cyy.mjs            │ esm  │ 0.35 KiB    │
├────────────────────────────────────────────┼──────┼─────────────┤
│ chunks/build/index-WmYBmIww.mjs            │ esm  │ 2.51 KiB    │
├────────────────────────────────────────────┼──────┼─────────────┤
│ chunks/build/index-X_7v9kCo.mjs            │ esm  │ 21.75 KiB   │
├────────────────────────────────────────────┼──────┼─────────────┤
│ chunks/build/index-YXmiu4R3.mjs            │ esm  │ 5.11 KiB    │
├────────────────────────────────────────────┼──────┼─────────────┤
│ chunks/build/index-Ys0JKifU.mjs            │ esm  │ 9.45 KiB    │
├────────────────────────────────────────────┼──────┼─────────────┤
│ chunks/build/index-dHg8Jsw8.mjs            │ esm  │ 3.27 KiB    │
├────────────────────────────────────────────┼──────┼─────────────┤
│ chunks/build/index-dYYwTcsH.mjs            │ esm  │ 5.74 KiB    │
├────────────────────────────────────────────┼──────┼─────────────┤
│ chunks/build/index-gD7HpTAE.mjs            │ esm  │ 4.21 KiB    │
├────────────────────────────────────────────┼──────┼─────────────┤
│ chunks/build/index-gNSKlMrr.mjs            │ esm  │ 2.62 KiB    │
├────────────────────────────────────────────┼──────┼─────────────┤
│ chunks/build/index-i9MTJ9nq.mjs            │ esm  │ 4.18 KiB    │
├────────────────────────────────────────────┼──────┼─────────────┤
│ chunks/build/index-j3sjHcWg.mjs            │ esm  │ 15.02 KiB   │
├────────────────────────────────────────────┼──────┼─────────────┤
│ chunks/build/index-khAo7Tcz.mjs            │ esm  │ 9.20 KiB    │
├────────────────────────────────────────────┼──────┼─────────────┤
│ chunks/build/index-m6f2ufXy.mjs            │ esm  │ 8.26 KiB    │
├────────────────────────────────────────────┼──────┼─────────────┤
│ chunks/build/index-oiwrSvzv.mjs            │ esm  │ 1.00 KiB    │
├────────────────────────────────────────────┼──────┼─────────────┤
│ chunks/build/index-qPvxUEub.mjs            │ esm  │ 16.65 KiB   │
├────────────────────────────────────────────┼──────┼─────────────┤
│ chunks/build/index-sH8yaibl.mjs            │ esm  │ 4.80 KiB    │
├────────────────────────────────────────────┼──────┼─────────────┤
│ chunks/build/index-suvFfvCi.mjs            │ esm  │ 1.29 KiB    │
├────────────────────────────────────────────┼──────┼─────────────┤
│ chunks/build/index-vJAw0CAK.mjs            │ esm  │ 1.72 KiB    │
├────────────────────────────────────────────┼──────┼─────────────┤
│ chunks/build/index-vZKWaPus.mjs            │ esm  │ 11.39 KiB   │
├────────────────────────────────────────────┼──────┼─────────────┤
│ chunks/build/server.mjs                    │ esm  │ 202.23 KiB  │
├────────────────────────────────────────────┼──────┼─────────────┤
│ chunks/build/styles.mjs                    │ esm  │ 0.85 KiB    │
├────────────────────────────────────────────┼──────┼─────────────┤
│ chunks/build/v3-CfDCebtU.mjs               │ esm  │ 0.40 KiB    │
├────────────────────────────────────────────┼──────┼─────────────┤
│ chunks/nitro/nitro.mjs                     │ esm  │ 302.67 KiB  │
├────────────────────────────────────────────┼──────┼─────────────┤
│ chunks/routes/api/health.get.mjs           │ esm  │ 0.37 KiB    │
├────────────────────────────────────────────┼──────┼─────────────┤
│ chunks/routes/api/index.get.mjs            │ esm  │ 0.46 KiB    │
├────────────────────────────────────────────┼──────┼─────────────┤
│ chunks/routes/api/index2.get.mjs           │ esm  │ 0.45 KiB    │
├────────────────────────────────────────────┼──────┼─────────────┤
│ chunks/routes/api/phenomena/series.get.mjs │ esm  │ 0.48 KiB    │
├────────────────────────────────────────────┼──────┼─────────────┤
│ chunks/routes/api/phenomena/times.get.mjs  │ esm  │ 0.47 KiB    │
├────────────────────────────────────────────┼──────┼─────────────┤
│ chunks/routes/api/products.get.mjs         │ esm  │ 0.38 KiB    │
├────────────────────────────────────────────┼──────┼─────────────┤
│ chunks/routes/api/radars.get.mjs           │ esm  │ 0.38 KiB    │
├────────────────────────────────────────────┼──────┼─────────────┤
│ chunks/routes/api/rasters/closest.get.mjs  │ esm  │ 0.35 KiB    │
├────────────────────────────────────────────┼──────┼─────────────┤
│ chunks/routes/api/rasters/day.get.mjs      │ esm  │ 0.47 KiB    │
├────────────────────────────────────────────┼──────┼─────────────┤
│ chunks/routes/api/rasters/next.get.mjs     │ esm  │ 0.35 KiB    │
├────────────────────────────────────────────┼──────┼─────────────┤
│ chunks/routes/api/rasters/prev.get.mjs     │ esm  │ 0.35 KiB    │
├────────────────────────────────────────────┼──────┼─────────────┤
│ chunks/routes/api/rasters/times.get.mjs    │ esm  │ 0.48 KiB    │
├────────────────────────────────────────────┼──────┼─────────────┤
│ chunks/routes/api/vwp/times.get.mjs        │ esm  │ 0.46 KiB    │
├────────────────────────────────────────────┼──────┼─────────────┤
│ chunks/routes/renderer.mjs                 │ esm  │ 50.08 KiB   │
├────────────────────────────────────────────┼──────┼─────────────┤
│ chunks/virtual/_virtual_spa-template.mjs   │ esm  │ 0.08 KiB    │
├────────────────────────────────────────────┼──────┼─────────────┤
│ Total (190 modules)                        │      │ 3071.57 KiB │
└────────────────────────────────────────────┴──────┴─────────────┘
[33m▲ [43;33m[[43;30mWARNING[43;33m][0m [1mIgnoring this import because "../node_modules/.pnpm/@cloudflare+unenv-preset@2.16.1_unenv@2.0.0-rc.24_workerd@1.20260708.1/node_modules/@cloudflare/unenv-preset/dist/runtime/node/process.mjs" was marked as having no side effects[0m [ignored-bare-import]

    _worker.js/index.js:1:135:
[37m      1 │ ...s/nitro/nitro.mjs";import[32m"node:process"[37m;import"cloudflare:worker...
        ╵                             [32m~~~~~~~~~~~~~~[0m

  "sideEffects" is false in the enclosing "package.json" file:

    ../node_modules/.pnpm/@cloudflare+unenv-preset@2.16.1_unenv@2.0.0-rc.24_workerd@1.20260708.1/node_modules/@cloudflare/unenv-preset/package.json:27:2:
[37m      27 │   [32m"sideEffects"[37m: false,
         ╵   [32m~~~~~~~~~~~~~[0m


✨ Parsed 0 valid redirect rules.
✨ Parsed 3 valid header rules.
Using secrets defined in .env
Your Worker has access to the following bindings:
Binding                                                                     Resource                  Mode
env.DB (nexrad-l3)                                                          D1 Database               local
env.CF_PAGES ("1")                                                          Environment Variable      local
env.CF_PAGES_BRANCH ("main")                                                Environment Variable      local
env.CF_PAGES_COMMIT_SHA ("6e54b52a27275abb8fa4fd577a109c6063bda...")        Environment Variable      local
env.CF_PAGES_URL ("https://6e54b52.lamula-webviewer.page...")               Environment Variable      local
env.CLOUDFLARE_ACCOUNT_ID ("(hidden)")                                      Environment Variable      local
env.CLOUDFLARE_API_TOKEN ("(hidden)")                                       Environment Variable      local
env.NUXT_DAL_ADAPTER ("(hidden)")                                           Environment Variable      local

⎔ Starting local server...
[wrangler:info] Ready on http://127.0.0.1:8788
[wrangler:info] GET /AMX/153/20260711T031649 200 OK (1074ms)
